{"name": "未勾选同意，验证码错误点击注册失败测试", "status": "broken", "statusDetails": {"message": "selenium.common.exceptions.TimeoutException: Message:", "trace": "self = <case.test_login_register.TestClass object at 0x00000000173CE8D0>\n\n    @allure.story('注册按钮')\n    @allure.title('未勾选同意，验证码错误点击注册失败测试')\n    def test4(self):\n        loginProject(driver).click_button6()\n        loginProject(driver).click_button7()\n>       loginProject(driver).click_button12()\n\ntest_login_register.py:76: \n_ _ _ _ _ _ _ _ _ _ _ _ _ _ _ _ _ _ _ _ _ _ _ _ _ _ _ _ _ _ _ _ _ _ _ _ _ _ _ _ _ _ _ _ _ _ _ _ _ _ _ _ _ _ _ _ _ _ _ _ _ _ _ _ _ _ _ _ _ _ _ _ _ _ _ _ _ _ _ _ _ _ _ _ _ _ _ _ _ _ _ _ _ _ _ _ _ _ _ _ _ _ _ _ _ _ _ _ _ _ _ _ _ _ _ _ _ _ _ _ _ _ _ _ _ _ _ _ _ _ _ _ \n..\\page\\page_my\\login_register.py:147: in click_button12\n    loginProject.find_toast(self, self.text21)\n..\\common\\public.py:168: in find_toast\n    ele = WebDriverWait(self.driver, 10, 0.1).until(EC.presence_of_element_located(toast_loc))\n_ _ _ _ _ _ _ _ _ _ _ _ _ _ _ _ _ _ _ _ _ _ _ _ _ _ _ _ _ _ _ _ _ _ _ _ _ _ _ _ _ _ _ _ _ _ _ _ _ _ _ _ _ _ _ _ _ _ _ _ _ _ _ _ _ _ _ _ _ _ _ _ _ _ _ _ _ _ _ _ _ _ _ _ _ _ _ _ _ _ _ _ _ _ _ _ _ _ _ _ _ _ _ _ _ _ _ _ _ _ _ _ _ _ _ _ _ _ _ _ _ _ _ _ _ _ _ _ _ _ _ _ \n\nself = <selenium.webdriver.support.wait.WebDriverWait (session=\"5d2159fd-a42d-4759-912b-cb15a5c9608b\")>, method = <selenium.webdriver.support.expected_conditions.presence_of_element_located object at 0x0000000016E81FD0>, message = ''\n\n    def until(self, method, message=''):\n        \"\"\"Calls the method provided with the driver as an argument until the \\\n        return value is not False.\"\"\"\n        screen = None\n        stacktrace = None\n    \n        end_time = time.time() + self._timeout\n        while True:\n            try:\n                value = method(self._driver)\n                if value:\n                    return value\n            except self._ignored_exceptions as exc:\n                screen = getattr(exc, 'screen', None)\n                stacktrace = getattr(exc, 'stacktrace', None)\n            time.sleep(self._poll)\n            if time.time() > end_time:\n                break\n>       raise TimeoutException(message, screen, stacktrace)\nE       selenium.common.exceptions.TimeoutException: Message:\n\n..\\..\\..\\lib\\site-packages\\selenium\\webdriver\\support\\wait.py:80: TimeoutException"}, "attachments": [{"name": "log", "source": "c31fda8a-2717-4035-902b-2184a181d193-attachment.txt", "type": "text/plain"}], "start": 1614671516674, "stop": 1614671544947, "uuid": "ec36687a-a3d0-4456-9060-3bf06b8ecbce", "historyId": "7ca41210007b7557e18d41bc380cb4ce", "testCaseId": "cd4b5ef62babafabe59be685a5da3868", "fullName": "case.test_login_register.TestClass#test4", "labels": [{"name": "feature", "value": "手机号注册"}, {"name": "story", "value": "注册按钮"}, {"name": "epic", "value": "注册页"}, {"name": "parentSuite", "value": "case"}, {"name": "suite", "value": "test_login_register"}, {"name": "subSuite", "value": "TestClass"}, {"name": "host", "value": "jd-pc-ita001820"}, {"name": "thread", "value": "4160-MainThread"}, {"name": "framework", "value": "pytest"}, {"name": "language", "value": "cpython3"}, {"name": "package", "value": "case.test_login_register"}]}